<?xml version="1.0" encoding="UTF-8"?>
<testng-results skipped="0" failed="0" ignored="0" total="1" passed="1">
  <reporter-output>
  </reporter-output>
  <suite name="ZestMoney" duration-ms="202112" started-at="2020-01-06T17:03:32Z" finished-at="2020-01-06T17:06:54Z">
    <groups>
    </groups>
    <test name="TripAdvisor" duration-ms="202112" started-at="2020-01-06T17:03:32Z" finished-at="2020-01-06T17:06:54Z">
      <class name="com.Tests.HomePageTest">
        <test-method status="PASS" signature="test()[pri:0, instance:com.Tests.HomePageTest@17579e0f]" name="test" duration-ms="201446" started-at="2020-01-06T17:03:32Z" finished-at="2020-01-06T17:06:53Z">
          <reporter-output>
          </reporter-output>
        </test-method> <!-- test -->
      </class> <!-- com.Tests.HomePageTest -->
    </test> <!-- TripAdvisor -->
  </suite> <!-- ZestMoney -->
</testng-results>
